2026-04-20 14:13:30.696 | INFO     | capital:print_plan:108 - =======================================================
2026-04-20 14:13:30.696 | INFO     | capital:print_plan:109 -   资金分配方案 | 模式: T1+T2+T3
2026-04-20 14:13:30.697 | INFO     | capital:print_plan:110 -   初始资金:     $ 10,000.00
2026-04-20 14:13:30.697 | INFO     | capital:print_plan:111 - -------------------------------------------------------
2026-04-20 14:13:30.697 | INFO     | capital:print_plan:112 -   可套利资金:   $  8,000.00  (80%)
2026-04-20 14:13:30.697 | INFO     | capital:print_plan:113 -   链上底仓:     $  1,500.00  (15%)
2026-04-20 14:13:30.697 | INFO     | capital:print_plan:114 -   应急备用:     $    500.00  (5%)
2026-04-20 14:13:30.697 | INFO     | capital:print_plan:115 - -------------------------------------------------------
2026-04-20 14:13:30.697 | INFO     | capital:print_plan:118 -   T1 核心 (BTC/ETH)      $2,500.00/仓 × 2仓  (上限 $5,000.00)
2026-04-20 14:13:30.697 | INFO     | capital:print_plan:118 -   T2 主流                $2,000.00/仓 × 2仓  (上限 $4,000.00)
2026-04-20 14:13:30.697 | INFO     | capital:print_plan:118 -   T3 机会                $1,000.00/仓 × 2仓  (上限 $2,000.00)
2026-04-20 14:13:30.697 | INFO     | capital:print_plan:124 - -------------------------------------------------------
2026-04-20 14:13:30.697 | INFO     | capital:print_plan:125 -   最大仓位数:   4
2026-04-20 14:13:30.697 | INFO     | capital:print_plan:126 -   单日亏损上限: $50.00
2026-04-20 14:13:30.697 | INFO     | capital:print_plan:127 - =======================================================
2026-04-20 14:13:30.697 | INFO     | __main__:run:576 -   运行模式:   📡 纯监控
2026-04-20 14:13:30.697 | INFO     | __main__:run:577 -   等级:       T1+T2+T3
2026-04-20 14:13:30.697 | INFO     | __main__:run:578 -   扫描间隔:   5 分钟
2026-04-20 14:13:30.697 | INFO     | __main__:run:582 - =======================================================
2026-04-20 14:13:32.089 | INFO     | __main__:task_monitor_scan:158 - 原始快照已写入 CSV (568 行)
2026-04-20 14:13:32.090 | INFO     | screener:screen:100 - 扫描 568 个币种 (活跃等级: [1, 2, 3])
2026-04-20 14:13:32.162 | INFO     | screener:screen:120 - 费率初筛: 17 个
2026-04-20 14:13:35.753 | INFO     | __main__:task_monitor_scan:164 - 未发现合格标的
2026-04-20 14:13:44.263 | INFO     | __main__:run:608 - 已安全退出
